packer init 2-packer-build
packer fmt 2-packer-build
cp .secrets.vars 2-packer-build/secrets.auto.pkrvars.hcl
cp credentials.vars 2-packer-build/credentials.auto.pkrvars.hcl
cd 2-packer-build && packer validate .
The configuration is valid.
cd 2-packer-build && packer build -force -timestamp-ui -warn-on-undeclared-var .
azure-arm.mk-win11: output will be in this color.
2026-01-20T18:28:14+01:00: ==> azure-arm.mk-win11: Running builder ...
2026-01-20T18:28:14+01:00: ==> azure-arm.mk-win11: Creating Azure Resource Manager (ARM) client ...
2026-01-20T18:28:16+01:00: ==> azure-arm.mk-win11: ARM Client successfully created
2026-01-20T18:28:18+01:00: ==> azure-arm.mk-win11: a gallery image version for image name:version mk-win11:1.0.0 already exists in gallery sigmk, but deleting it due to -force flag
2026-01-20T18:29:58+01:00: ==> azure-arm.mk-win11: Getting source image id for the deployment ...
2026-01-20T18:29:58+01:00: ==> azure-arm.mk-win11:  -> SourceImageName: '/subscriptions/xxxxxxxx-xxxx-xxxx-xxxx-xxxxxxxxxxxx/providers/Microsoft.Compute/locations/UK South/publishers/MicrosoftWindowsDesktop/ArtifactTypes/vmimage/offers/Windows-11/skus/win11-25h2-pro/versions/latest'
2026-01-20T18:29:59+01:00: ==> azure-arm.mk-win11: Creating resource group ...
2026-01-20T18:29:59+01:00: ==> azure-arm.mk-win11:  -> ResourceGroupName : 'pkr-Resource-Group-xhxnghqywd'
2026-01-20T18:29:59+01:00: ==> azure-arm.mk-win11:  -> Location          : 'UK South'
2026-01-20T18:29:59+01:00: ==> azure-arm.mk-win11:  -> Tags              :
2026-01-20T18:30:00+01:00: ==> azure-arm.mk-win11: Validating deployment template ...
2026-01-20T18:30:00+01:00: ==> azure-arm.mk-win11:  -> ResourceGroupName : 'pkr-Resource-Group-xhxnghqywd'
2026-01-20T18:30:00+01:00: ==> azure-arm.mk-win11:  -> DeploymentName    : 'kvpkrdpxhxnghqywd'
2026-01-20T18:30:02+01:00: ==> azure-arm.mk-win11: Deploying deployment template ...
2026-01-20T18:30:02+01:00: ==> azure-arm.mk-win11:  -> ResourceGroupName : 'pkr-Resource-Group-xhxnghqywd'
2026-01-20T18:30:02+01:00: ==> azure-arm.mk-win11:  -> DeploymentName    : 'kvpkrdpxhxnghqywd'
2026-01-20T18:30:37+01:00: ==> azure-arm.mk-win11: Getting the certificate's URL ...
2026-01-20T18:30:37+01:00: ==> azure-arm.mk-win11:  -> Key Vault Name        : 'pkrkvxhxnghqywd'
2026-01-20T18:30:37+01:00: ==> azure-arm.mk-win11:  -> Key Vault Secret Name : 'packerKeyVaultSecret'
2026-01-20T18:30:38+01:00: ==> azure-arm.mk-win11:  -> Certificate URL       : 'https://pkrkvxhxnghqywd.vault.azure.net/secrets/packerKeyVaultSecret/e1de9c280f1649828ecbca1f35bb950a'
2026-01-20T18:30:38+01:00: ==> azure-arm.mk-win11: Setting the certificate's URL ...
2026-01-20T18:30:38+01:00: ==> azure-arm.mk-win11: Validating deployment template ...
2026-01-20T18:30:38+01:00: ==> azure-arm.mk-win11:  -> ResourceGroupName : 'pkr-Resource-Group-xhxnghqywd'
2026-01-20T18:30:38+01:00: ==> azure-arm.mk-win11:  -> DeploymentName    : 'pkrdpxhxnghqywd'
2026-01-20T18:30:40+01:00: ==> azure-arm.mk-win11: Deploying deployment template ...
2026-01-20T18:30:40+01:00: ==> azure-arm.mk-win11:  -> ResourceGroupName : 'pkr-Resource-Group-xhxnghqywd'
2026-01-20T18:30:40+01:00: ==> azure-arm.mk-win11:  -> DeploymentName    : 'pkrdpxhxnghqywd'
2026-01-20T18:31:25+01:00: ==> azure-arm.mk-win11: Getting the VM's IP address ...
2026-01-20T18:31:25+01:00: ==> azure-arm.mk-win11:  -> ResourceGroupName   : 'pkr-Resource-Group-xhxnghqywd'
2026-01-20T18:31:25+01:00: ==> azure-arm.mk-win11:  -> PublicIPAddressName : 'pkripxhxnghqywd'
2026-01-20T18:31:25+01:00: ==> azure-arm.mk-win11:  -> NicName             : 'pkrnixhxnghqywd'
2026-01-20T18:31:25+01:00: ==> azure-arm.mk-win11:  -> Network Connection  : 'PublicEndpoint'
2026-01-20T18:31:26+01:00: ==> azure-arm.mk-win11:  -> IP Address          : '20.90.75.197'
2026-01-20T18:31:26+01:00: ==> azure-arm.mk-win11: Waiting for WinRM to become available...
2026-01-20T18:31:37+01:00: ==> azure-arm.mk-win11: WinRM connected.
2026-01-20T18:31:37+01:00: ==> azure-arm.mk-win11: Connected to WinRM!
2026-01-20T18:31:37+01:00: ==> azure-arm.mk-win11: Provisioning with Powershell...
2026-01-20T18:31:37+01:00: ==> azure-arm.mk-win11: Provisioning with powershell script: scripts/enable-autologon.ps1
2026-01-20T18:31:44+01:00: ==> azure-arm.mk-win11: >>> Enabling AutoLogon...
2026-01-20T18:31:44+01:00: ==> azure-arm.mk-win11: >>> Enabling AutoAdminLogon to allow scheduled task created by elevated_user=packer to run...
2026-01-20T18:31:44+01:00: ==> azure-arm.mk-win11: >>> Enabling AutoLogon completed
2026-01-20T18:31:44+01:00: ==> azure-arm.mk-win11: >>> IMPORTANT: Run Packer provisioner windows-restart as next step
2026-01-20T18:31:47+01:00: ==> azure-arm.mk-win11: Restarting Machine
2026-01-20T18:31:48+01:00: ==> azure-arm.mk-win11: Waiting for machine to restart...
2026-01-20T18:31:48+01:00: ==> azure-arm.mk-win11: A system shutdown is in progress.(1115)
2026-01-20T18:31:58+01:00: ==> azure-arm.mk-win11: A system shutdown is in progress.(1115)
2026-01-20T18:32:39+01:00: ==> azure-arm.mk-win11: pkrvmxhxnghqywd restarted.
2026-01-20T18:32:39+01:00: ==> azure-arm.mk-win11: Machine successfully restarted, moving on
2026-01-20T18:32:39+01:00: ==> azure-arm.mk-win11: Provisioning with Powershell...
2026-01-20T18:32:39+01:00: ==> azure-arm.mk-win11: Provisioning with powershell script: scripts/openssh.ps1
2026-01-20T18:32:50+01:00: ==> azure-arm.mk-win11: >>> Installing OpenSSH Server (Windows Capability)...
2026-01-20T18:51:16+01:00: ==> azure-arm.mk-win11:
2026-01-20T18:51:16+01:00: ==> azure-arm.mk-win11:
2026-01-20T18:51:16+01:00: ==> azure-arm.mk-win11: Path          :
2026-01-20T18:51:16+01:00: ==> azure-arm.mk-win11: Online        : True
2026-01-20T18:51:16+01:00: ==> azure-arm.mk-win11: RestartNeeded : False
2026-01-20T18:51:16+01:00: ==> azure-arm.mk-win11:
2026-01-20T18:51:16+01:00: ==> azure-arm.mk-win11: >>> Installing OpenSSH Server (Windows Capability) completed
2026-01-20T18:51:16+01:00: ==> azure-arm.mk-win11: >>> Starting OpenSSH Server...
2026-01-20T18:51:20+01:00: ==> azure-arm.mk-win11: >>> Starting OpenSSH Server completed
2026-01-20T18:51:20+01:00: ==> azure-arm.mk-win11: >>> Setting Windows Firewall for SSH...
2026-01-20T18:51:27+01:00: ==> azure-arm.mk-win11: >>> Setting Windows Firewall for SSH completed
2026-01-20T18:51:27+01:00: ==> azure-arm.mk-win11: >>> Setting PowerShell 5.1 as SSH default shell...
2026-01-20T18:51:27+01:00: ==> azure-arm.mk-win11:
2026-01-20T18:51:27+01:00: ==> azure-arm.mk-win11: DefaultShell : C:\Windows\System32\WindowsPowerShell\v1.0\powershell.exe
2026-01-20T18:51:27+01:00: ==> azure-arm.mk-win11: PSPath       : Microsoft.PowerShell.Core\Registry::HKEY_LOCAL_MACHINE\SOFTWARE\OpenSSH
2026-01-20T18:51:27+01:00: ==> azure-arm.mk-win11: PSParentPath : Microsoft.PowerShell.Core\Registry::HKEY_LOCAL_MACHINE\SOFTWARE
2026-01-20T18:51:27+01:00: ==> azure-arm.mk-win11: PSChildName  : OpenSSH
2026-01-20T18:51:27+01:00: ==> azure-arm.mk-win11: PSDrive      : HKLM
2026-01-20T18:51:27+01:00: ==> azure-arm.mk-win11: PSProvider   : Microsoft.PowerShell.Core\Registry
2026-01-20T18:51:27+01:00: ==> azure-arm.mk-win11:
2026-01-20T18:51:27+01:00: ==> azure-arm.mk-win11:
2026-01-20T18:51:27+01:00: ==> azure-arm.mk-win11: DefaultShellCommandOption : /c
2026-01-20T18:51:27+01:00: ==> azure-arm.mk-win11: PSPath                    : Microsoft.PowerShell.Core\Registry::HKEY_LOCAL_MACHINE\SOFTWARE\OpenSSH
2026-01-20T18:51:27+01:00: ==> azure-arm.mk-win11: PSParentPath              : Microsoft.PowerShell.Core\Registry::HKEY_LOCAL_MACHINE\SOFTWARE
2026-01-20T18:51:28+01:00: ==> azure-arm.mk-win11: PSChildName               : OpenSSH
2026-01-20T18:51:28+01:00: ==> azure-arm.mk-win11: PSDrive                   : HKLM
2026-01-20T18:51:28+01:00: ==> azure-arm.mk-win11: PSProvider                : Microsoft.PowerShell.Core\Registry
2026-01-20T18:51:28+01:00: ==> azure-arm.mk-win11:
2026-01-20T18:51:28+01:00: ==> azure-arm.mk-win11: >>> Setting PowerShell 5.1 as SSH default shell completed
2026-01-20T18:51:28+01:00: ==> azure-arm.mk-win11: Provisioning with powershell script: scripts/disable.ps1
2026-01-20T18:51:37+01:00: ==> azure-arm.mk-win11: Disabling: DiagTrack
2026-01-20T18:51:37+01:00: ==> azure-arm.mk-win11: Disabling: MapsBroker
2026-01-20T18:51:37+01:00: ==> azure-arm.mk-win11: Service not found (already removed?): Fax
2026-01-20T18:51:37+01:00: ==> azure-arm.mk-win11: Disabling: RemoteRegistry
2026-01-20T18:51:37+01:00: ==> azure-arm.mk-win11: Disabling: wisvc
2026-01-20T18:51:37+01:00: ==> azure-arm.mk-win11: Service not found (already removed?): TabletInputService
2026-01-20T18:51:37+01:00: ==> azure-arm.mk-win11: Disabling: Themes
2026-01-20T18:51:37+01:00: ==> azure-arm.mk-win11: Service not found (already removed?): UxSms
2026-01-20T18:51:37+01:00: ==> azure-arm.mk-win11: Disabling: FontCache
2026-01-20T18:51:37+01:00: ==> azure-arm.mk-win11: Disabling: PcaSvc
2026-01-20T18:51:37+01:00: ==> azure-arm.mk-win11: Disabling: WerSvc
2026-01-20T18:51:37+01:00: ==> azure-arm.mk-win11: Disabling: WbioSrvc
2026-01-20T18:51:37+01:00: ==> azure-arm.mk-win11: Disabling: XboxGipSvc
2026-01-20T18:51:37+01:00: ==> azure-arm.mk-win11: Disabling: XblAuthManager
2026-01-20T18:51:37+01:00: ==> azure-arm.mk-win11: Disabling: XblGameSave
2026-01-20T18:51:37+01:00: ==> azure-arm.mk-win11: Disabling: XboxNetApiSvc
2026-01-20T18:51:37+01:00: ==> azure-arm.mk-win11: Disabling: WSearch
2026-01-20T18:51:37+01:00: ==> azure-arm.mk-win11: Disabling: SysMain
2026-01-20T18:51:37+01:00: ==> azure-arm.mk-win11: Disabling: Audiosrv
2026-01-20T18:51:37+01:00: ==> azure-arm.mk-win11: Disabling: AudioEndpointBuilder
2026-01-20T18:51:37+01:00: ==> azure-arm.mk-win11: Disabling: BthAvctpSvc
2026-01-20T18:51:37+01:00: ==> azure-arm.mk-win11: Disabling: BthServ
2026-01-20T18:51:37+01:00: ==> azure-arm.mk-win11: Disabling: Spooler
2026-01-20T18:51:37+01:00: ==> azure-arm.mk-win11: Disabling: upnphost
2026-01-20T18:51:37+01:00: ==> azure-arm.mk-win11: Disabling: SSDPSRV
2026-01-20T18:51:37+01:00: ==> azure-arm.mk-win11: Disabling: DeviceAssociationService
2026-01-20T18:51:37+01:00: ==> azure-arm.mk-win11: Disabling: ScDeviceEnum
2026-01-20T18:51:37+01:00: ==> azure-arm.mk-win11: Disabling: SCardSvr
2026-01-20T18:51:37+01:00: ==> azure-arm.mk-win11: Disabling: DoSvc
2026-01-20T18:51:39+01:00: ==> azure-arm.mk-win11: Error modifying DoSvc. Service 'Delivery Optimization (DoSvc)' cannot be configured due to the following error: Access is denied
2026-01-20T18:51:39+01:00: ==> azure-arm.mk-win11: Disabling: lfsvc
2026-01-20T18:51:39+01:00: ==> azure-arm.mk-win11: Disabling: RmSvc
2026-01-20T18:51:47+01:00: ==> azure-arm.mk-win11: Error modifying RmSvc. Service 'Radio Management Service (RmSvc)' stop failed.
2026-01-20T18:51:47+01:00: ==> azure-arm.mk-win11: Disabling: WpnService
2026-01-20T18:51:47+01:00: ==> azure-arm.mk-win11: Disabling: CDPSvc
2026-01-20T18:51:47+01:00: ==> azure-arm.mk-win11: Disabling: TrkWks
2026-01-20T18:51:47+01:00: ==> azure-arm.mk-win11: Disabling: InventorySvc
2026-01-20T18:51:47+01:00: ==> azure-arm.mk-win11: Done! Printers, Search, and extra PnP features are disabled.
2026-01-20T18:51:47+01:00: ==> azure-arm.mk-win11: Provisioning with powershell script: scripts/optimise.ps1
2026-01-20T18:51:55+01:00: ==> azure-arm.mk-win11: Starting Windows Optimization...
2026-01-20T18:51:55+01:00: ==> azure-arm.mk-win11: Removing Bloatware...
2026-01-20T18:52:07+01:00: ==> azure-arm.mk-win11: Removing *xbox*...
2026-01-20T18:52:11+01:00: ==> azure-arm.mk-win11: Removing *solitaire*...
2026-01-20T18:52:12+01:00: ==> azure-arm.mk-win11: Removing *bing*...
2026-01-20T18:52:14+01:00: ==> azure-arm.mk-win11: Removing *weather*...
2026-01-20T18:52:14+01:00: ==> azure-arm.mk-win11: Removing *news*...
2026-01-20T18:52:14+01:00: ==> azure-arm.mk-win11: Removing *zune*...
2026-01-20T18:52:15+01:00: ==> azure-arm.mk-win11: Removing *yourphone*...
2026-01-20T18:52:16+01:00: ==> azure-arm.mk-win11: Removing *people*...
2026-01-20T18:52:16+01:00: ==> azure-arm.mk-win11: Removing *feedback*...
2026-01-20T18:52:17+01:00: ==> azure-arm.mk-win11: Removing *getstarted*...
2026-01-20T18:52:17+01:00: ==> azure-arm.mk-win11: Removing *tips*...
2026-01-20T18:52:17+01:00: ==> azure-arm.mk-win11: Removing Microsoft.GamingApp*...
2026-01-20T18:52:18+01:00: ==> azure-arm.mk-win11: Removing Microsoft.GetHelp*...
2026-01-20T18:52:19+01:00: ==> azure-arm.mk-win11: Removing Microsoft.MicrosoftOfficeHub*...
2026-01-20T18:52:20+01:00: ==> azure-arm.mk-win11: Removing Microsoft.Teams*...
2026-01-20T18:52:20+01:00: ==> azure-arm.mk-win11: Removing Microsoft.OneDriveSync*...
2026-01-20T18:52:20+01:00: ==> azure-arm.mk-win11: Removing *outlook*...
2026-01-20T18:52:21+01:00: ==> azure-arm.mk-win11: Removing *onenote*...
2026-01-20T18:52:21+01:00: ==> azure-arm.mk-win11: Removing *windowscommunicationsapps*...
2026-01-20T18:52:21+01:00: ==> azure-arm.mk-win11: Removing *skype*...
2026-01-20T18:52:31+01:00: ==> azure-arm.mk-win11: Applying Registry Tweaks...
2026-01-20T18:52:31+01:00: ==> azure-arm.mk-win11: Applying settings to Default User Profile (for Sysprep persistence)...
2026-01-20T18:52:31+01:00: ==> azure-arm.mk-win11: Default User settings updated.
2026-01-20T18:52:31+01:00: ==> azure-arm.mk-win11: Configuring Power Settings...
2026-01-20T18:52:32+01:00: ==> azure-arm.mk-win11: Restarting Explorer to apply changes...
2026-01-20T18:52:32+01:00: ==> azure-arm.mk-win11: Optimization Complete.
2026-01-20T18:52:36+01:00: ==> azure-arm.mk-win11: Provisioning with Powershell...
2026-01-20T18:52:36+01:00: ==> azure-arm.mk-win11: Provisioning with powershell script: scripts/disable-autologon.ps1
2026-01-20T18:52:41+01:00: ==> azure-arm.mk-win11: Disabling AutoAdminLogon...
2026-01-20T18:52:41+01:00: ==> azure-arm.mk-win11: Disabling AutoAdminLogon completed
2026-01-20T18:52:43+01:00: ==> azure-arm.mk-win11: Provisioning with Powershell...
2026-01-20T18:52:43+01:00: ==> azure-arm.mk-win11: Provisioning with powershell script: scripts/create-admin.ps1
2026-01-20T18:52:49+01:00: ==> azure-arm.mk-win11: >>> Creating local administrator user...
2026-01-20T18:52:49+01:00: ==> azure-arm.mk-win11: >>> username: minikubeadmin
2026-01-20T18:52:49+01:00: ==> azure-arm.mk-win11: >>> password: M!n!kub34dm!n
2026-01-20T18:52:49+01:00: ==> azure-arm.mk-win11:
2026-01-20T18:52:52+01:00: ==> azure-arm.mk-win11: Querying the machine's properties ...
2026-01-20T18:52:52+01:00: ==> azure-arm.mk-win11:  -> ResourceGroupName : 'pkr-Resource-Group-xhxnghqywd'
2026-01-20T18:52:52+01:00: ==> azure-arm.mk-win11:  -> ComputeName       : 'pkrvmxhxnghqywd'
2026-01-20T18:52:53+01:00: ==> azure-arm.mk-win11:  -> Managed OS Disk   : '/subscriptions/xxxxxxxx-xxxx-xxxx-xxxx-xxxxxxxxxxxx/resourceGroups/pkr-Resource-Group-xhxnghqywd/providers/Microsoft.Compute/disks/pkrosxhxnghqywd'
2026-01-20T18:52:53+01:00: ==> azure-arm.mk-win11: Querying the machine's additional disks properties ...
2026-01-20T18:52:53+01:00: ==> azure-arm.mk-win11:  -> ResourceGroupName : 'pkr-Resource-Group-xhxnghqywd'
2026-01-20T18:52:53+01:00: ==> azure-arm.mk-win11:  -> ComputeName       : 'pkrvmxhxnghqywd'
2026-01-20T18:52:54+01:00: ==> azure-arm.mk-win11: Powering off machine ...
2026-01-20T18:52:54+01:00: ==> azure-arm.mk-win11:  -> ResourceGroupName : 'pkr-Resource-Group-xhxnghqywd'
2026-01-20T18:52:54+01:00: ==> azure-arm.mk-win11:  -> ComputeName       : 'pkrvmxhxnghqywd'
2026-01-20T18:54:06+01:00: ==> azure-arm.mk-win11:  -> Compute ResourceGroupName : 'pkr-Resource-Group-xhxnghqywd'
2026-01-20T18:54:06+01:00: ==> azure-arm.mk-win11:  -> Compute Name              : 'pkrvmxhxnghqywd'
2026-01-20T18:54:06+01:00: ==> azure-arm.mk-win11:  -> Compute Location          : 'UK South'
2026-01-20T18:54:06+01:00: ==> azure-arm.mk-win11: Skipping generalization of Compute Gallery Image
2026-01-20T18:54:06+01:00: ==> azure-arm.mk-win11: Publishing to Shared Image Gallery ...
2026-01-20T18:54:06+01:00: ==> azure-arm.mk-win11:  -> Source ID used for SIG publish        : '/subscriptions/xxxxxxxx-xxxx-xxxx-xxxx-xxxxxxxxxxxx/resourceGroups/pkr-Resource-Group-xhxnghqywd/providers/Microsoft.Compute/virtualMachines/pkrvmxhxnghqywd'
2026-01-20T18:54:06+01:00: ==> azure-arm.mk-win11:  -> SIG publish resource group            : 'rg-mloskot'
2026-01-20T18:54:06+01:00: ==> azure-arm.mk-win11:  -> SIG gallery name                      : 'sigmk'
2026-01-20T18:54:06+01:00: ==> azure-arm.mk-win11:  -> SIG image name                        : 'mk-win11'
2026-01-20T18:54:06+01:00: ==> azure-arm.mk-win11:  -> SIG image version                     : '1.0.0'
2026-01-20T18:54:06+01:00: ==> azure-arm.mk-win11:  -> SIG target regions                    : '[uksouth]'
2026-01-20T18:54:06+01:00: ==> azure-arm.mk-win11:  -> SIG storage account type              : ''
2026-01-20T18:54:06+01:00: ==> azure-arm.mk-win11:  -> SIG image version endoflife date      : ''
2026-01-20T18:54:06+01:00: ==> azure-arm.mk-win11:  -> SIG image version exclude from latest : 'false'
2026-01-20T18:54:06+01:00: ==> azure-arm.mk-win11:  -> Creating SIG Image with Shallow Replication
2026-01-20T18:55:11+01:00: ==> azure-arm.mk-win11:
2026-01-20T18:55:11+01:00: ==> azure-arm.mk-win11: polling after CreateOrUpdate: internal-error: unimplemented polling status "Unknown"
2026-01-20T18:55:11+01:00: ==> azure-arm.mk-win11: Provisioning step had errors: Running the cleanup provisioner, if present...
2026-01-20T18:55:11+01:00: ==> azure-arm.mk-win11: 
==> azure-arm.mk-win11: Deleting Virtual Machine deployment and its attached resources...
2026-01-20T18:55:24+01:00: ==> azure-arm.mk-win11: Deleted -> Microsoft.Compute/virtualMachines : 'pkrvmxhxnghqywd'
2026-01-20T18:55:35+01:00: ==> azure-arm.mk-win11: Deleted -> Microsoft.Network/networkInterfaces : 'pkrnixhxnghqywd'
2026-01-20T18:55:46+01:00: ==> azure-arm.mk-win11: Deleted -> Microsoft.Network/virtualNetworks : 'pkrvnxhxnghqywd'
2026-01-20T18:55:46+01:00: ==> azure-arm.mk-win11: Deleted -> Microsoft.Network/publicIPAddresses : 'pkripxhxnghqywd'
2026-01-20T18:55:50+01:00: ==> azure-arm.mk-win11: Deleted -> Microsoft.Network/networkSecurityGroups : 'pkrsgxhxnghqywd'
2026-01-20T18:56:01+01:00: ==> azure-arm.mk-win11: Deleted -> Microsoft.Compute/disks : '/subscriptions/xxxxxxxx-xxxx-xxxx-xxxx-xxxxxxxxxxxx/resourceGroups/pkr-Resource-Group-xhxnghqywd/providers/Microsoft.Compute/disks/pkrosxhxnghqywd'
2026-01-20T18:56:01+01:00: ==> azure-arm.mk-win11: Removing the created Deployment object: 'pkrdpxhxnghqywd'
2026-01-20T18:56:12+01:00: ==> azure-arm.mk-win11: 
==> azure-arm.mk-win11: Deleting KeyVault created during build
2026-01-20T18:56:16+01:00: ==> azure-arm.mk-win11: Deleted -> Microsoft.KeyVault/vaults : 'pkrkvxhxnghqywd'
2026-01-20T18:56:16+01:00: ==> azure-arm.mk-win11: Removing the created Deployment object: 'kvpkrdpxhxnghqywd'
2026-01-20T18:56:27+01:00: ==> azure-arm.mk-win11: 
==> azure-arm.mk-win11: Cleanup requested, deleting resource group ...
2026-01-20T18:56:38+01:00: ==> azure-arm.mk-win11: Resource group has been deleted.
2026-01-20T18:56:38+01:00: Build 'azure-arm.mk-win11' errored after 28 minutes 23 seconds: polling after CreateOrUpdate: internal-error: unimplemented polling status "Unknown"

==> Wait completed after 28 minutes 23 seconds

==> Some builds didn't complete successfully and had errors:
--> azure-arm.mk-win11: polling after CreateOrUpdate: internal-error: unimplemented polling status "Unknown"

==> Builds finished but no artifacts were created.
make: *** [Makefile:87: build-image] Error 1
