packer init 2-packer-build
packer fmt 2-packer-build
2-packer-build/secrets.auto.pkrvars.hcl
cp .secrets.vars 2-packer-build/secrets.auto.pkrvars.hcl
cp credentials.vars 2-packer-build/credentials.auto.pkrvars.hcl
cd 2-packer-build && packer validate .
The configuration is valid.
cd 2-packer-build && packer build -force -timestamp-ui -warn-on-undeclared-var .
azure-arm.mk-win11: output will be in this color.

2026-01-20T21:47:37+01:00: ==> azure-arm.mk-win11: Running builder ...
2026-01-20T21:47:37+01:00: ==> azure-arm.mk-win11: Creating Azure Resource Manager (ARM) client ...
2026-01-20T21:47:39+01:00: ==> azure-arm.mk-win11: ARM Client successfully created
2026-01-20T21:47:40+01:00: ==> azure-arm.mk-win11: a gallery image version for image name:version mk-win11:1.0.0 already exists in gallery sigmk, but deleting it due to -force flag
2026-01-20T21:49:15+01:00: ==> azure-arm.mk-win11: Getting source image id for the deployment ...
2026-01-20T21:49:15+01:00: ==> azure-arm.mk-win11:  -> SourceImageName: '/subscriptions/xxxxxxxx-xxxx-xxxx-xxxx-xxxxxxxxxxxx/providers/Microsoft.Compute/locations/UK South/publishers/MicrosoftWindowsDesktop/ArtifactTypes/vmimage/offers/Windows-11/skus/win11-25h2-pro/versions/latest'
2026-01-20T21:49:15+01:00: ==> azure-arm.mk-win11: Creating resource group ...
2026-01-20T21:49:15+01:00: ==> azure-arm.mk-win11:  -> ResourceGroupName : 'pkr-Resource-Group-80dszyccdm'
2026-01-20T21:49:15+01:00: ==> azure-arm.mk-win11:  -> Location          : 'UK South'
2026-01-20T21:49:15+01:00: ==> azure-arm.mk-win11:  -> Tags              :
2026-01-20T21:49:17+01:00: ==> azure-arm.mk-win11: Validating deployment template ...
2026-01-20T21:49:17+01:00: ==> azure-arm.mk-win11:  -> ResourceGroupName : 'pkr-Resource-Group-80dszyccdm'
2026-01-20T21:49:17+01:00: ==> azure-arm.mk-win11:  -> DeploymentName    : 'kvpkrdp80dszyccdm'
2026-01-20T21:49:18+01:00: ==> azure-arm.mk-win11: Deploying deployment template ...
2026-01-20T21:49:18+01:00: ==> azure-arm.mk-win11:  -> ResourceGroupName : 'pkr-Resource-Group-80dszyccdm'
2026-01-20T21:49:18+01:00: ==> azure-arm.mk-win11:  -> DeploymentName    : 'kvpkrdp80dszyccdm'
2026-01-20T21:49:40+01:00: ==> azure-arm.mk-win11: Getting the certificate's URL ...
2026-01-20T21:49:40+01:00: ==> azure-arm.mk-win11:  -> Key Vault Name        : 'pkrkv80dszyccdm'
2026-01-20T21:49:40+01:00: ==> azure-arm.mk-win11:  -> Key Vault Secret Name : 'packerKeyVaultSecret'
2026-01-20T21:49:40+01:00: ==> azure-arm.mk-win11:  -> Certificate URL       : 'https://pkrkv80dszyccdm.vault.azure.net/secrets/packerKeyVaultSecret/ccd515beb120488aad9b95ce5beef40d'
2026-01-20T21:49:40+01:00: ==> azure-arm.mk-win11: Setting the certificate's URL ...
2026-01-20T21:49:40+01:00: ==> azure-arm.mk-win11: Validating deployment template ...
2026-01-20T21:49:40+01:00: ==> azure-arm.mk-win11:  -> ResourceGroupName : 'pkr-Resource-Group-80dszyccdm'
2026-01-20T21:49:40+01:00: ==> azure-arm.mk-win11:  -> DeploymentName    : 'pkrdp80dszyccdm'
2026-01-20T21:49:41+01:00: ==> azure-arm.mk-win11: Deploying deployment template ...
2026-01-20T21:49:41+01:00: ==> azure-arm.mk-win11:  -> ResourceGroupName : 'pkr-Resource-Group-80dszyccdm'
2026-01-20T21:49:41+01:00: ==> azure-arm.mk-win11:  -> DeploymentName    : 'pkrdp80dszyccdm'
2026-01-20T21:50:36+01:00: ==> azure-arm.mk-win11: Getting the VM's IP address ...
2026-01-20T21:50:36+01:00: ==> azure-arm.mk-win11:  -> ResourceGroupName   : 'pkr-Resource-Group-80dszyccdm'
2026-01-20T21:50:36+01:00: ==> azure-arm.mk-win11:  -> PublicIPAddressName : 'pkrip80dszyccdm'
2026-01-20T21:50:36+01:00: ==> azure-arm.mk-win11:  -> NicName             : 'pkrni80dszyccdm'
2026-01-20T21:50:36+01:00: ==> azure-arm.mk-win11:  -> Network Connection  : 'PublicEndpoint'
2026-01-20T21:50:36+01:00: ==> azure-arm.mk-win11:  -> IP Address          : '20.90.185.19'
2026-01-20T21:50:36+01:00: ==> azure-arm.mk-win11: Waiting for WinRM to become available...
2026-01-20T21:50:46+01:00: ==> azure-arm.mk-win11: WinRM connected.
2026-01-20T21:50:46+01:00: ==> azure-arm.mk-win11: Connected to WinRM!
2026-01-20T21:50:46+01:00: ==> azure-arm.mk-win11: Provisioning with Powershell...
2026-01-20T21:50:46+01:00: ==> azure-arm.mk-win11: Provisioning with powershell script: scripts/enable-autologon.ps1
2026-01-20T21:50:53+01:00: ==> azure-arm.mk-win11: >>> Enabling AutoLogon...
2026-01-20T21:50:53+01:00: ==> azure-arm.mk-win11: >>> Enabling AutoAdminLogon to allow scheduled task created by elevated_user=minikubeadmin to run...
2026-01-20T21:50:53+01:00: ==> azure-arm.mk-win11: >>> Enabling AutoLogon completed
2026-01-20T21:50:53+01:00: ==> azure-arm.mk-win11: >>> IMPORTANT: Run Packer provisioner windows-restart as next step
2026-01-20T21:50:56+01:00: ==> azure-arm.mk-win11: Restarting Machine
2026-01-20T21:50:56+01:00: ==> azure-arm.mk-win11: Waiting for machine to restart...
2026-01-20T21:50:56+01:00: ==> azure-arm.mk-win11: A system shutdown is in progress.(1115)
2026-01-20T21:51:36+01:00: ==> azure-arm.mk-win11: pkrvm80dszyccdm restarted.
2026-01-20T21:51:36+01:00: ==> azure-arm.mk-win11: Machine successfully restarted, moving on
2026-01-20T21:51:36+01:00: ==> azure-arm.mk-win11: Provisioning with Powershell...
2026-01-20T21:51:36+01:00: ==> azure-arm.mk-win11: Provisioning with powershell script: scripts/disable-privacy.ps1
2026-01-20T21:51:46+01:00: ==> azure-arm.mk-win11: Disabling privacy experience...
2026-01-20T21:51:46+01:00: ==> azure-arm.mk-win11:
2026-01-20T21:51:46+01:00: ==> azure-arm.mk-win11:
2026-01-20T21:51:46+01:00: ==> azure-arm.mk-win11: DisableVoice : 1
2026-01-20T21:51:46+01:00: ==> azure-arm.mk-win11: PSPath       : Microsoft.PowerShell.Core\Registry::HKEY_LOCAL_MACHINE\SOFTWARE\Microsoft\Windows\CurrentVersion\OOBE
2026-01-20T21:51:46+01:00: ==> azure-arm.mk-win11: PSParentPath : Microsoft.PowerShell.Core\Registry::HKEY_LOCAL_MACHINE\SOFTWARE\Microsoft\Windows\CurrentVersion
2026-01-20T21:51:46+01:00: ==> azure-arm.mk-win11: PSChildName  : OOBE
2026-01-20T21:51:46+01:00: ==> azure-arm.mk-win11: PSDrive      : HKLM
2026-01-20T21:51:46+01:00: ==> azure-arm.mk-win11: PSProvider   : Microsoft.PowerShell.Core\Registry
2026-01-20T21:51:46+01:00: ==> azure-arm.mk-win11:
2026-01-20T21:51:46+01:00: ==> azure-arm.mk-win11: HideEULAPage : 1
2026-01-20T21:51:46+01:00: ==> azure-arm.mk-win11: PSPath       : Microsoft.PowerShell.Core\Registry::HKEY_LOCAL_MACHINE\SOFTWARE\Microsoft\Windows\CurrentVersion\OOBE
2026-01-20T21:51:46+01:00: ==> azure-arm.mk-win11: PSParentPath : Microsoft.PowerShell.Core\Registry::HKEY_LOCAL_MACHINE\SOFTWARE\Microsoft\Windows\CurrentVersion
2026-01-20T21:51:46+01:00: ==> azure-arm.mk-win11: PSChildName  : OOBE
2026-01-20T21:51:46+01:00: ==> azure-arm.mk-win11: PSDrive      : HKLM
2026-01-20T21:51:46+01:00: ==> azure-arm.mk-win11: PSProvider   : Microsoft.PowerShell.Core\Registry
2026-01-20T21:51:46+01:00: ==> azure-arm.mk-win11:
2026-01-20T21:51:46+01:00: ==> azure-arm.mk-win11: PrivacyConsentStatus : 1
2026-01-20T21:51:46+01:00: ==> azure-arm.mk-win11: PSPath               : Microsoft.PowerShell.Core\Registry::HKEY_LOCAL_MACHINE\SOFTWARE\Microsoft\Windows\CurrentVersion
2026-01-20T21:51:46+01:00: ==> azure-arm.mk-win11:                        \OOBE
2026-01-20T21:51:46+01:00: ==> azure-arm.mk-win11: PSParentPath         : Microsoft.PowerShell.Core\Registry::HKEY_LOCAL_MACHINE\SOFTWARE\Microsoft\Windows\CurrentVersion
2026-01-20T21:51:46+01:00: ==> azure-arm.mk-win11: PSChildName          : OOBE
2026-01-20T21:51:46+01:00: ==> azure-arm.mk-win11: PSDrive              : HKLM
2026-01-20T21:51:46+01:00: ==> azure-arm.mk-win11: PSProvider           : Microsoft.PowerShell.Core\Registry
2026-01-20T21:51:46+01:00: ==> azure-arm.mk-win11:
2026-01-20T21:51:46+01:00: ==> azure-arm.mk-win11: Protectyourpc : 3
2026-01-20T21:51:46+01:00: ==> azure-arm.mk-win11: PSPath        : Microsoft.PowerShell.Core\Registry::HKEY_LOCAL_MACHINE\SOFTWARE\Microsoft\Windows\CurrentVersion\OOBE
2026-01-20T21:51:46+01:00: ==> azure-arm.mk-win11: PSParentPath  : Microsoft.PowerShell.Core\Registry::HKEY_LOCAL_MACHINE\SOFTWARE\Microsoft\Windows\CurrentVersion
2026-01-20T21:51:46+01:00: ==> azure-arm.mk-win11: PSChildName   : OOBE
2026-01-20T21:51:46+01:00: ==> azure-arm.mk-win11: PSDrive       : HKLM
2026-01-20T21:51:46+01:00: ==> azure-arm.mk-win11: PSProvider    : Microsoft.PowerShell.Core\Registry
2026-01-20T21:51:46+01:00: ==> azure-arm.mk-win11:
2026-01-20T21:51:46+01:00: ==> azure-arm.mk-win11: DisablePrivacyExperience : 1
2026-01-20T21:51:46+01:00: ==> azure-arm.mk-win11: PSPath                   : Microsoft.PowerShell.Core\Registry::HKEY_LOCAL_MACHINE\SOFTWARE\Microsoft\Windows\CurrentVer
2026-01-20T21:51:46+01:00: ==> azure-arm.mk-win11:                            sion\OOBE
2026-01-20T21:51:46+01:00: ==> azure-arm.mk-win11: PSParentPath             : Microsoft.PowerShell.Core\Registry::HKEY_LOCAL_MACHINE\SOFTWARE\Microsoft\Windows\CurrentVer
2026-01-20T21:51:46+01:00: ==> azure-arm.mk-win11:                            sion
2026-01-20T21:51:46+01:00: ==> azure-arm.mk-win11: PSChildName              : OOBE
2026-01-20T21:51:46+01:00: ==> azure-arm.mk-win11: PSDrive                  : HKLM
2026-01-20T21:51:46+01:00: ==> azure-arm.mk-win11: PSProvider               : Microsoft.PowerShell.Core\Registry
2026-01-20T21:51:46+01:00: ==> azure-arm.mk-win11:
2026-01-20T21:51:46+01:00: ==> azure-arm.mk-win11: EnableFirstLogonAnimation : 1
2026-01-20T21:51:46+01:00: ==> azure-arm.mk-win11: PSPath                    : Microsoft.PowerShell.Core\Registry::HKEY_LOCAL_MACHINE\Software\Microsoft\Windows\CurrentVe
2026-01-20T21:51:46+01:00: ==> azure-arm.mk-win11:                             rsion\Policies\System
2026-01-20T21:51:46+01:00: ==> azure-arm.mk-win11: PSParentPath              : Microsoft.PowerShell.Core\Registry::HKEY_LOCAL_MACHINE\Software\Microsoft\Windows\CurrentVe
2026-01-20T21:51:46+01:00: ==> azure-arm.mk-win11:                             rsion\Policies
2026-01-20T21:51:46+01:00: ==> azure-arm.mk-win11: PSChildName               : System
2026-01-20T21:51:46+01:00: ==> azure-arm.mk-win11: PSDrive                   : HKLM
2026-01-20T21:51:46+01:00: ==> azure-arm.mk-win11: PSProvider                : Microsoft.PowerShell.Core\Registry
2026-01-20T21:51:46+01:00: ==> azure-arm.mk-win11:
2026-01-20T21:51:46+01:00: ==> azure-arm.mk-win11: Disabling privacy experience completed
2026-01-20T21:51:46+01:00: ==> azure-arm.mk-win11: Provisioning with powershell script: scripts/disable-services.ps1
2026-01-20T21:51:59+01:00: ==> azure-arm.mk-win11: Disabling: DiagTrack
2026-01-20T21:51:59+01:00: ==> azure-arm.mk-win11: Disabling: MapsBroker
2026-01-20T21:51:59+01:00: ==> azure-arm.mk-win11: Service not found (already removed?): Fax
2026-01-20T21:51:59+01:00: ==> azure-arm.mk-win11: Disabling: RemoteRegistry
2026-01-20T21:51:59+01:00: ==> azure-arm.mk-win11: Disabling: wisvc
2026-01-20T21:51:59+01:00: ==> azure-arm.mk-win11: Service not found (already removed?): TabletInputService
2026-01-20T21:51:59+01:00: ==> azure-arm.mk-win11: Disabling: Themes
2026-01-20T21:51:59+01:00: ==> azure-arm.mk-win11: Service not found (already removed?): UxSms
2026-01-20T21:51:59+01:00: ==> azure-arm.mk-win11: Disabling: FontCache
2026-01-20T21:51:59+01:00: ==> azure-arm.mk-win11: Disabling: PcaSvc
2026-01-20T21:51:59+01:00: ==> azure-arm.mk-win11: Disabling: WerSvc
2026-01-20T21:51:59+01:00: ==> azure-arm.mk-win11: Disabling: WbioSrvc
2026-01-20T21:51:59+01:00: ==> azure-arm.mk-win11: Disabling: XboxGipSvc
2026-01-20T21:51:59+01:00: ==> azure-arm.mk-win11: Disabling: XblAuthManager
2026-01-20T21:51:59+01:00: ==> azure-arm.mk-win11: Disabling: XblGameSave
2026-01-20T21:51:59+01:00: ==> azure-arm.mk-win11: Disabling: XboxNetApiSvc
2026-01-20T21:51:59+01:00: ==> azure-arm.mk-win11: Disabling: WSearch
2026-01-20T21:52:02+01:00: ==> azure-arm.mk-win11: Disabling: SysMain
2026-01-20T21:52:02+01:00: ==> azure-arm.mk-win11: Disabling: Audiosrv
2026-01-20T21:52:02+01:00: ==> azure-arm.mk-win11: Disabling: AudioEndpointBuilder
2026-01-20T21:52:02+01:00: ==> azure-arm.mk-win11: Disabling: BthAvctpSvc
2026-01-20T21:52:02+01:00: ==> azure-arm.mk-win11: Disabling: BthServ
2026-01-20T21:52:02+01:00: ==> azure-arm.mk-win11: Disabling: Spooler
2026-01-20T21:52:02+01:00: ==> azure-arm.mk-win11: Disabling: upnphost
2026-01-20T21:52:02+01:00: ==> azure-arm.mk-win11: Disabling: SSDPSRV
2026-01-20T21:52:02+01:00: ==> azure-arm.mk-win11: Disabling: DeviceAssociationService
2026-01-20T21:52:02+01:00: ==> azure-arm.mk-win11: Disabling: ScDeviceEnum
2026-01-20T21:52:02+01:00: ==> azure-arm.mk-win11: Disabling: SCardSvr
2026-01-20T21:52:02+01:00: ==> azure-arm.mk-win11: Disabling: DoSvc
2026-01-20T21:52:02+01:00: ==> azure-arm.mk-win11: Error modifying DoSvc. Service 'Delivery Optimization (DoSvc)' cannot be configured due to the following error: Access is denied
2026-01-20T21:52:02+01:00: ==> azure-arm.mk-win11: Disabling: lfsvc
2026-01-20T21:52:02+01:00: ==> azure-arm.mk-win11: Disabling: RmSvc
2026-01-20T21:52:10+01:00: ==> azure-arm.mk-win11: Error modifying RmSvc. Service 'Radio Management Service (RmSvc)' stop failed.
2026-01-20T21:52:10+01:00: ==> azure-arm.mk-win11: Disabling: WpnService
2026-01-20T21:52:10+01:00: ==> azure-arm.mk-win11: Disabling: CDPSvc
2026-01-20T21:52:10+01:00: ==> azure-arm.mk-win11: Disabling: TrkWks
2026-01-20T21:52:10+01:00: ==> azure-arm.mk-win11: Disabling: InventorySvc
2026-01-20T21:52:10+01:00: ==> azure-arm.mk-win11: Done! Printers, Search, and extra PnP features are disabled.
2026-01-20T21:52:10+01:00: ==> azure-arm.mk-win11: Provisioning with powershell script: scripts/optimise.ps1
2026-01-20T21:52:17+01:00: ==> azure-arm.mk-win11: Starting Windows Optimization...
2026-01-20T21:52:17+01:00: ==> azure-arm.mk-win11: Removing Bloatware...
2026-01-20T21:52:29+01:00: ==> azure-arm.mk-win11: Removing *bing*...
2026-01-20T21:52:35+01:00: ==> azure-arm.mk-win11: Removing *feedback*...
2026-01-20T21:52:38+01:00: ==> azure-arm.mk-win11: Removing *getstarted*...
2026-01-20T21:52:38+01:00: ==> azure-arm.mk-win11: Removing *msteams*...
2026-01-20T21:52:39+01:00: ==> azure-arm.mk-win11: Removing *news*...
2026-01-20T21:52:39+01:00: ==> azure-arm.mk-win11: Removing *onenote*...
2026-01-20T21:52:39+01:00: ==> azure-arm.mk-win11: Removing *outlook*...
2026-01-20T21:52:40+01:00: ==> azure-arm.mk-win11: Removing *people*...
2026-01-20T21:52:40+01:00: ==> azure-arm.mk-win11: Removing *quickassist*...
2026-01-20T21:52:41+01:00: ==> azure-arm.mk-win11: Removing *skype*...
2026-01-20T21:52:41+01:00: ==> azure-arm.mk-win11: Removing *solitaire*...
2026-01-20T21:52:42+01:00: ==> azure-arm.mk-win11: Removing *stickynotes*...
2026-01-20T21:52:43+01:00: ==> azure-arm.mk-win11: Removing *tips*...
2026-01-20T21:52:43+01:00: ==> azure-arm.mk-win11: Removing *weather*...
2026-01-20T21:52:43+01:00: ==> azure-arm.mk-win11: Removing *windowscommunicationsapps*...
2026-01-20T21:52:43+01:00: ==> azure-arm.mk-win11: Removing *xbox*...
2026-01-20T21:52:46+01:00: ==> azure-arm.mk-win11: Removing *yourphone*...
2026-01-20T21:52:47+01:00: ==> azure-arm.mk-win11: Removing *zune*...
2026-01-20T21:52:48+01:00: ==> azure-arm.mk-win11: Removing Clipchamp.Clipchamp*...
2026-01-20T21:52:49+01:00: ==> azure-arm.mk-win11: Removing Microsoft.BingWeather*...
2026-01-20T21:52:49+01:00: ==> azure-arm.mk-win11: Removing Microsoft.GamingApp*...
2026-01-20T21:52:50+01:00: ==> azure-arm.mk-win11: Removing Microsoft.GetHelp*...
2026-01-20T21:52:50+01:00: ==> azure-arm.mk-win11: Removing Microsoft.MicrosoftOfficeHub*...
2026-01-20T21:52:52+01:00: ==> azure-arm.mk-win11: Removing Microsoft.OneDriveSync*...
2026-01-20T21:52:52+01:00: ==> azure-arm.mk-win11: Removing Microsoft.Paint*...
2026-01-20T21:52:53+01:00: ==> azure-arm.mk-win11: Removing Microsoft.PowerAutomateDesktop*...
2026-01-20T21:52:54+01:00: ==> azure-arm.mk-win11: Removing Microsoft.ScreenSketch*...
2026-01-20T21:52:55+01:00: ==> azure-arm.mk-win11: Removing Microsoft.Teams*...
2026-01-20T21:52:55+01:00: ==> azure-arm.mk-win11: Removing Microsoft.Todos*...
2026-01-20T21:52:56+01:00: ==> azure-arm.mk-win11: Removing Microsoft.Windows.DevHome*...
2026-01-20T21:52:56+01:00: ==> azure-arm.mk-win11: Removing Microsoft.Windows.Photos*...
2026-01-20T21:52:57+01:00: ==> azure-arm.mk-win11: Removing Microsoft.WindowsCalculator*...
2026-01-20T21:52:58+01:00: ==> azure-arm.mk-win11: Removing Microsoft.WindowsCamera*...
2026-01-20T21:52:59+01:00: ==> azure-arm.mk-win11: Removing Microsoft.WindowsSoundRecorder*...
2026-01-20T21:53:11+01:00: ==> azure-arm.mk-win11: Applying Registry Tweaks...
2026-01-20T21:53:11+01:00: ==> azure-arm.mk-win11: Applying settings to Default User Profile (for Sysprep persistence)...
2026-01-20T21:53:11+01:00: ==> azure-arm.mk-win11: Default User settings updated.
2026-01-20T21:53:11+01:00: ==> azure-arm.mk-win11: Configuring Power Settings...
2026-01-20T21:53:13+01:00: ==> azure-arm.mk-win11: Restarting Explorer to apply changes...
2026-01-20T21:53:13+01:00: ==> azure-arm.mk-win11: Optimization Complete.
2026-01-20T21:53:15+01:00: ==> azure-arm.mk-win11: Provisioning with Powershell...
2026-01-20T21:53:15+01:00: ==> azure-arm.mk-win11: Provisioning with powershell script: scripts/disable-autologon.ps1
2026-01-20T21:53:20+01:00: ==> azure-arm.mk-win11: Disabling AutoAdminLogon...
2026-01-20T21:53:20+01:00: ==> azure-arm.mk-win11: Disabling AutoAdminLogon completed
2026-01-20T21:53:22+01:00: ==> azure-arm.mk-win11: Querying the machine's properties ...
2026-01-20T21:53:22+01:00: ==> azure-arm.mk-win11:  -> ResourceGroupName : 'pkr-Resource-Group-80dszyccdm'
2026-01-20T21:53:22+01:00: ==> azure-arm.mk-win11:  -> ComputeName       : 'pkrvm80dszyccdm'
2026-01-20T21:53:23+01:00: ==> azure-arm.mk-win11:  -> Managed OS Disk   : '/subscriptions/xxxxxxxx-xxxx-xxxx-xxxx-xxxxxxxxxxxx/resourceGroups/pkr-Resource-Group-80dszyccdm/providers/Microsoft.Compute/disks/pkros80dszyccdm'
2026-01-20T21:53:23+01:00: ==> azure-arm.mk-win11: Querying the machine's additional disks properties ...
2026-01-20T21:53:23+01:00: ==> azure-arm.mk-win11:  -> ResourceGroupName : 'pkr-Resource-Group-80dszyccdm'
2026-01-20T21:53:23+01:00: ==> azure-arm.mk-win11:  -> ComputeName       : 'pkrvm80dszyccdm'
2026-01-20T21:53:23+01:00: ==> azure-arm.mk-win11: Powering off machine ...
2026-01-20T21:53:23+01:00: ==> azure-arm.mk-win11:  -> ResourceGroupName : 'pkr-Resource-Group-80dszyccdm'
2026-01-20T21:53:23+01:00: ==> azure-arm.mk-win11:  -> ComputeName       : 'pkrvm80dszyccdm'
2026-01-20T21:54:35+01:00: ==> azure-arm.mk-win11:  -> Compute ResourceGroupName : 'pkr-Resource-Group-80dszyccdm'
2026-01-20T21:54:35+01:00: ==> azure-arm.mk-win11:  -> Compute Name              : 'pkrvm80dszyccdm'
2026-01-20T21:54:35+01:00: ==> azure-arm.mk-win11:  -> Compute Location          : 'UK South'
2026-01-20T21:54:35+01:00: ==> azure-arm.mk-win11: Skipping generalization of Compute Gallery Image
2026-01-20T21:54:35+01:00: ==> azure-arm.mk-win11: Publishing to Shared Image Gallery ...
2026-01-20T21:54:35+01:00: ==> azure-arm.mk-win11:  -> Source ID used for SIG publish        : '/subscriptions/xxxxxxxx-xxxx-xxxx-xxxx-xxxxxxxxxxxx/resourceGroups/pkr-Resource-Group-80dszyccdm/providers/Microsoft.Compute/virtualMachines/pkrvm80dszyccdm'
2026-01-20T21:54:35+01:00: ==> azure-arm.mk-win11:  -> SIG publish resource group            : 'rg-mloskot'
2026-01-20T21:54:35+01:00: ==> azure-arm.mk-win11:  -> SIG gallery name                      : 'sigmk'
2026-01-20T21:54:35+01:00: ==> azure-arm.mk-win11:  -> SIG image name                        : 'mk-win11'
2026-01-20T21:54:35+01:00: ==> azure-arm.mk-win11:  -> SIG image version                     : '1.0.0'
2026-01-20T21:54:35+01:00: ==> azure-arm.mk-win11:  -> SIG target regions                    : '[uksouth]'
2026-01-20T21:54:35+01:00: ==> azure-arm.mk-win11:  -> SIG storage account type              : ''
2026-01-20T21:54:35+01:00: ==> azure-arm.mk-win11:  -> SIG image version endoflife date      : ''
2026-01-20T21:54:35+01:00: ==> azure-arm.mk-win11:  -> SIG image version exclude from latest : 'false'
2026-01-20T21:54:35+01:00: ==> azure-arm.mk-win11:  -> Creating SIG Image with Shallow Replication
2026-01-20T21:55:37+01:00: ==> azure-arm.mk-win11:  -> Shared Gallery Image Version ID : '/subscriptions/xxxxxxxx-xxxx-xxxx-xxxx-xxxxxxxxxxxx/resourceGroups/rg-mloskot/providers/Microsoft.Compute/galleries/sigmk/images/mk-win11/versions/1.0.0'
2026-01-20T21:55:37+01:00: ==> azure-arm.mk-win11: 
==> azure-arm.mk-win11: Deleting Virtual Machine deployment and its attached resources...
2026-01-20T21:55:48+01:00: ==> azure-arm.mk-win11: Deleted -> pkrvm80dszyccdm : 'Microsoft.Compute/virtualMachines'
2026-01-20T21:55:59+01:00: ==> azure-arm.mk-win11: Deleted -> pkrni80dszyccdm : 'Microsoft.Network/networkInterfaces'
2026-01-20T21:56:10+01:00: ==> azure-arm.mk-win11: Deleted -> pkrvn80dszyccdm : 'Microsoft.Network/virtualNetworks'
2026-01-20T21:56:10+01:00: ==> azure-arm.mk-win11: Deleted -> pkrip80dszyccdm : 'Microsoft.Network/publicIPAddresses'
2026-01-20T21:56:14+01:00: ==> azure-arm.mk-win11: Deleted -> pkrsg80dszyccdm : 'Microsoft.Network/networkSecurityGroups'
2026-01-20T21:56:24+01:00: ==> azure-arm.mk-win11: Deleted -> Microsoft.Compute/disks : '/subscriptions/xxxxxxxx-xxxx-xxxx-xxxx-xxxxxxxxxxxx/resourceGroups/pkr-Resource-Group-80dszyccdm/providers/Microsoft.Compute/disks/pkros80dszyccdm'
2026-01-20T21:56:24+01:00: ==> azure-arm.mk-win11: Removing the created Deployment object: 'pkrdp80dszyccdm'
2026-01-20T21:56:35+01:00: ==> azure-arm.mk-win11: 
==> azure-arm.mk-win11: Deleting KeyVault created during build
2026-01-20T21:56:38+01:00: ==> azure-arm.mk-win11: Deleted -> pkrkv80dszyccdm : 'Microsoft.KeyVault/vaults'
2026-01-20T21:56:38+01:00: ==> azure-arm.mk-win11: Removing the created Deployment object: 'kvpkrdp80dszyccdm'
2026-01-20T21:57:01+01:00: ==> azure-arm.mk-win11: 
==> azure-arm.mk-win11: Cleanup requested, deleting resource group ...
2026-01-20T21:57:12+01:00: ==> azure-arm.mk-win11: Resource group has been deleted.
2026-01-20T21:57:12+01:00: Build 'azure-arm.mk-win11' finished after 9 minutes 34 seconds.

==> Wait completed after 9 minutes 34 seconds

==> Builds finished. The artifacts of successful builds are:
--> azure-arm.mk-win11: Azure.ResourceManagement.VMImage:

OSType: Windows
ManagedImageSharedImageGalleryId: /subscriptions/xxxxxxxx-xxxx-xxxx-xxxx-xxxxxxxxxxxx/resourceGroups/rg-mloskot/providers/Microsoft.Compute/galleries/sigmk/images/mk-win11/versions/1.0.0
SharedImageGalleryResourceGroup: rg-mloskot
SharedImageGalleryName: sigmk
SharedImageGalleryImageName: mk-win11
SharedImageGalleryImageVersion: 1.0.0
SharedImageGalleryReplicatedRegions: uksouth
